NORMALIZATION_LOG: 1
NORMALIZATION_LOG: 2
NORMALIZATION_LOG: 3
NORMALIZATION_LOG: 4
NORMALIZATION_LOG: 5
NORMALIZATION_LOG: 6
NORMALIZATION_LOG: 7
NORMALIZATION_LOG: 8
NORMALIZATION_LOG: 9
NORMALIZATION_LOG: 10
NORMALIZATION_LOG: 11
NORMALIZATION_LOG: 12
NORMALIZATION_LOG: 13
NORMALIZATION_LOG: 14
NORMALIZATION_LOG: 15
NORMALIZATION_LOG: 16
NORMALIZATION_LOG: 17
NORMALIZATION_LOG: 18
NORMALIZATION_LOG: 19
NORMALIZATION_LOG: 20
NORMALIZATION_LOG: 21
NORMALIZATION_LOG: 22
NORMALIZATION_LOG: 23
NORMALIZATION_LOG: 24
NORMALIZATION_LOG: 25
NORMALIZATION_LOG: 26
NORMALIZATION_LOG: 27
NORMALIZATION_LOG: 28
NORMALIZATION_LOG: 29
NORMALIZATION_LOG: 30
NORMALIZATION_LOG: 31
NORMALIZATION_LOG: 32
NORMALIZATION_LOG: 33
NORMALIZATION_LOG: 34
NORMALIZATION_LOG: 35
NORMALIZATION_LOG: 36
NORMALIZATION_LOG: 37
NORMALIZATION_LOG: 38
